<?xml version="1.0" encoding="UTF-8"?>
<!-- Generated by org.testng.reporters.JUnitReportReporter -->
<testsuite hostname="PC-PC" failures="0" tests="2" name="com.freecrm.tests.FreeCRMHomeTest" time="1.096" errors="0" timestamp="2022-11-13T21:25:57 IST" skipped="0">
  <testcase classname="com.freecrm.tests.FreeCRMHomeTest" name="ValidateHomePageLinks" time="1.074"/>
  <system-out/>
  <testcase classname="com.freecrm.tests.FreeCRMHomeTest" name="validatePageTitle" time="0.022"/>
  <system-out/>
</testsuite> <!-- com.freecrm.tests.FreeCRMHomeTest -->
